<?xml version="1.0" encoding="UTF-8"?>
<testng-results ignored="0" total="1" passed="1" failed="0" skipped="0">
  <reporter-output>
  </reporter-output>
  <suite started-at="2022-09-20T17:51:52 CDT" name="Default suite" finished-at="2022-09-20T17:51:54 CDT" duration-ms="2592">
    <groups>
    </groups>
    <test started-at="2022-09-20T17:51:52 CDT" name="Default test" finished-at="2022-09-20T17:51:54 CDT" duration-ms="2592">
      <class name="variousConcepts.Test_101">
        <test-method is-config="true" signature="init()[pri:0, instance:variousConcepts.Test_101@693fe6c9]" started-at="2022-09-20T17:51:52 CDT" name="init" finished-at="2022-09-20T17:51:54 CDT" duration-ms="1745" status="PASS">
          <reporter-output>
          </reporter-output>
        </test-method> <!-- init -->
        <test-method signature="learnTestNG()[pri:0, instance:variousConcepts.Test_101@693fe6c9]" started-at="2022-09-20T17:51:54 CDT" name="learnTestNG" finished-at="2022-09-20T17:51:54 CDT" duration-ms="763" status="PASS">
          <reporter-output>
          </reporter-output>
        </test-method> <!-- learnTestNG -->
        <test-method is-config="true" signature="tearDown()[pri:0, instance:variousConcepts.Test_101@693fe6c9]" started-at="2022-09-20T17:51:54 CDT" name="tearDown" finished-at="2022-09-20T17:51:54 CDT" duration-ms="53" status="PASS">
          <reporter-output>
          </reporter-output>
        </test-method> <!-- tearDown -->
      </class> <!-- variousConcepts.Test_101 -->
    </test> <!-- Default test -->
  </suite> <!-- Default suite -->
</testng-results>
